<?xml version="1.0" encoding="UTF-8"?>
<!-- Generated by org.testng.reporters.JUnitXMLReporter -->
<testsuite hostname="LAPTOP-MJO8PL9U" ignored="1" name="TestCases" tests="4" failures="0" timestamp="2022-03-31T18:40:28 IST" time="110.198" errors="0">
  <testcase name="SignUpTC02" time="22.738" classname="TestNGProject.TestCases"/>
  <testcase name="SignUpTC05" time="4.685" classname="TestNGProject.TestCases"/>
  <testcase name="SignUpTC03" time="1.627" classname="TestNGProject.TestCases"/>
  <testcase name="SignUpTC04" time="1.467" classname="TestNGProject.TestCases"/>
  <testcase name="SignUpTC01" time="0.0" classname="TestNGProject.TestCases">
    <ignored/>
  </testcase> <!-- SignUpTC01 -->
</testsuite> <!-- TestCases -->
