<?xml version="1.0" encoding="UTF-8"?>
<!-- Generated by org.testng.reporters.JUnitXMLReporter -->
<testsuite hostname="LAPTOP-MJO8PL9U" ignored="2" name="TestCases" tests="7" failures="0" timestamp="2022-03-29T15:30:14 IST" time="0.217" errors="0">
  <testcase name="tc01" time="0.016" classname="TestngTestSuite.Sample1"/>
  <testcase name="tc04" time="0.0" classname="TestngTestSuite.Sample2"/>
  <testcase name="tc05" time="0.0" classname="TestngTestSuite.Sample2"/>
  <testcase name="tc06" time="0.0" classname="TestngTestSuite.Sample2"/>
  <testcase name="tc07" time="0.016" classname="TestngTestSuite.Sample3"/>
  <testcase name="tc08" time="0.0" classname="TestngTestSuite.Sample3"/>
  <testcase name="tc09" time="0.015" classname="TestngTestSuite.Sample3"/>
  <testcase name="tc03" time="0.0" classname="TestngTestSuite.Sample1">
    <ignored/>
  </testcase> <!-- tc03 -->
  <testcase name="tc02" time="0.0" classname="TestngTestSuite.Sample1">
    <ignored/>
  </testcase> <!-- tc02 -->
</testsuite> <!-- TestCases -->
