<?xml version="1.0" encoding="UTF-8"?>
<testng-results skipped="0" failed="0" ignored="0" total="2" passed="2">
  <reporter-output>
  </reporter-output>
  <suite name="Suite" duration-ms="356" started-at="2022-04-10T18:56:42 IST" finished-at="2022-04-10T18:56:42 IST">
    <groups>
    </groups>
    <test name="Test" duration-ms="356" started-at="2022-04-10T18:56:42 IST" finished-at="2022-04-10T18:56:42 IST">
      <class name="TestNGParameters.Arithmetic">
        <test-method status="PASS" signature="add(int,int)[pri:0, instance:TestNGParameters.Arithmetic@3cb1ffe6]" name="add" duration-ms="24" started-at="2022-04-10T18:56:42 IST" finished-at="2022-04-10T18:56:42 IST">
          <params>
            <param index="0">
              <value>
                <![CDATA[80]]>
              </value>
            </param>
            <param index="1">
              <value>
                <![CDATA[50]]>
              </value>
            </param>
          </params>
          <reporter-output>
          </reporter-output>
        </test-method> <!-- add -->
        <test-method status="PASS" signature="sub(int,float)[pri:0, instance:TestNGParameters.Arithmetic@3cb1ffe6]" name="sub" duration-ms="10" started-at="2022-04-10T18:56:42 IST" finished-at="2022-04-10T18:56:42 IST">
          <params>
            <param index="0">
              <value>
                <![CDATA[80]]>
              </value>
            </param>
            <param index="1">
              <value>
                <![CDATA[50.0]]>
              </value>
            </param>
          </params>
          <reporter-output>
          </reporter-output>
        </test-method> <!-- sub -->
      </class> <!-- TestNGParameters.Arithmetic -->
    </test> <!-- Test -->
  </suite> <!-- Suite -->
</testng-results>
