<?xml version="1.0" encoding="UTF-8"?>
<!-- Generated by org.testng.reporters.JUnitXMLReporter -->
<testsuite hostname="LAPTOP-MJO8PL9U" ignored="4" name="BUY-SELL" tests="5" failures="0" timestamp="2022-03-31T18:38:05 IST" time="0.154" errors="0">
  <testcase name="tc01" time="0.016" classname="TestngTestSuite.Demo1"/>
  <testcase name="tc02" time="0.0" classname="TestngTestSuite.Demo1"/>
  <testcase name="tc06" time="0.016" classname="TestngTestSuite.Demo2"/>
  <testcase name="tc07" time="0.031" classname="TestngTestSuite.Demo3"/>
  <testcase name="tc09" time="0.016" classname="TestngTestSuite.Demo3"/>
  <testcase name="tc04" time="0.0" classname="TestngTestSuite.Demo2">
    <ignored/>
  </testcase> <!-- tc04 -->
  <testcase name="tc08" time="0.0" classname="TestngTestSuite.Demo3">
    <ignored/>
  </testcase> <!-- tc08 -->
  <testcase name="tc03" time="0.0" classname="TestngTestSuite.Demo1">
    <ignored/>
  </testcase> <!-- tc03 -->
  <testcase name="tc05" time="0.0" classname="TestngTestSuite.Demo2">
    <ignored/>
  </testcase> <!-- tc05 -->
</testsuite> <!-- BUY-SELL -->
